(8_w,16)-aCMA-ES (mu_w=4.8,w_1=32%) in dimension 867 (seed=999749, Wed Oct 23 21:42:22 2019)
Iterat #Fevals   function value  axis ratio  sigma  min&max std  t[m:s]
    1     16 3.284714285714349e+02 1.0e+00 9.93e-01  1e+00  1e+00 11:33.2
    2     32 3.083745762711925e+02 1.0e+00 9.87e-01  1e+00  1e+00 22:58.8
    3     48 3.296658862876345e+02 1.0e+00 9.81e-01  1e+00  1e+00 34:27.8
    4     64 3.099719424460437e+02 1.0e+00 9.75e-01  1e+00  1e+00 46:00.1
    5     80 2.992055555555522e+02 1.0e+00 9.70e-01  1e+00  1e+00 57:39.4
    6     96 3.215417910447809e+02 1.0e+00 9.64e-01  1e+00  1e+00 69:32.2
    7    112 2.957333333333289e+02 1.0e+00 9.59e-01  1e+00  1e+00 81:27.3
    8    128 2.744644599303081e+02 1.0e+00 9.54e-01  1e+00  1e+00 93:24.0
    9    144 2.601941176470451e+02 1.0e+00 9.50e-01  9e-01  9e-01 105:30.8
   10    160 3.104058365758783e+02 1.0e+00 9.45e-01  9e-01  9e-01 117:30.4
   11    176 3.217241042345329e+02 1.0e+00 9.40e-01  9e-01  9e-01 129:35.3
   12    192 2.044112781954752e+02 1.0e+00 9.36e-01  9e-01  9e-01 141:27.9
   13    208 2.701531645569522e+02 1.0e+00 9.32e-01  9e-01  9e-01 153:45.2
   14    224 2.858315589353537e+02 1.0e+00 9.28e-01  9e-01  9e-01 166:00.4
   15    240 3.073733096085460e+02 1.0e+00 9.24e-01  9e-01  9e-01 178:14.0
   16    256 3.076490774907772e+02 1.0e+00 9.20e-01  9e-01  9e-01 189:53.9
   17    272 2.946368421052712e+02 1.0e+00 9.17e-01  9e-01  9e-01 201:37.2
   18    288 2.663495114006399e+02 1.0e+00 9.13e-01  9e-01  9e-01 213:27.0
   19    304 2.895321070234094e+02 1.0e+00 9.09e-01  9e-01  9e-01 225:30.4
   20    320 2.683210526315665e+02 1.0e+00 9.06e-01  9e-01  9e-01 237:24.7
   21    336 2.950310861423270e+02 1.0e+00 9.03e-01  9e-01  9e-01 249:14.4
   22    352 2.647648648648514e+02 1.0e+00 9.00e-01  9e-01  9e-01 261:12.1
   23    368 2.784714285714209e+02 1.0e+00 8.97e-01  9e-01  9e-01 273:04.4
   24    384 2.981456140350845e+02 1.0e+00 8.94e-01  9e-01  9e-01 285:03.9
   25    400 2.827124999999938e+02 1.0e+00 8.91e-01  9e-01  9e-01 296:51.6
   26    416 3.207633093525250e+02 1.0e+00 8.88e-01  9e-01  9e-01 308:48.5
   27    432 3.067100358422945e+02 1.0e+00 8.85e-01  9e-01  9e-01 320:45.3
   28    448 2.637132295719722e+02 1.0e+00 8.82e-01  9e-01  9e-01 332:38.4
   29    464 3.030141868512116e+02 1.0e+00 8.80e-01  9e-01  9e-01 344:54.4
   30    480 3.028126213592229e+02 1.0e+00 8.77e-01  9e-01  9e-01 357:00.7
   31    496 3.051287581699323e+02 1.0e+00 8.75e-01  9e-01  9e-01 369:00.2
   32    512 2.958107806691427e+02 1.0e+00 8.73e-01  9e-01  9e-01 381:02.3
   33    528 2.846583643122653e+02 1.0e+00 8.70e-01  9e-01  9e-01 393:13.6
   34    544 3.232333333333366e+02 1.0e+00 8.68e-01  9e-01  9e-01 405:25.1
   35    560 2.806017543859561e+02 1.0e+00 8.66e-01  9e-01  9e-01 417:25.2
   36    576 2.699361010830230e+02 1.0e+00 8.64e-01  9e-01  9e-01 429:25.9
   37    592 3.221972972973016e+02 1.0e+00 8.62e-01  9e-01  9e-01 441:29.6
   38    608 2.776777777777699e+02 1.0e+00 8.59e-01  9e-01  9e-01 453:32.5
   39    624 2.471222222222074e+02 1.0e+00 8.57e-01  9e-01  9e-01 465:36.4
   40    640 3.249936329588051e+02 1.0e+00 8.55e-01  9e-01  9e-01 477:42.5
   41    656 2.672835125447912e+02 1.0e+00 8.53e-01  9e-01  9e-01 489:58.0
   42    672 3.049632911392383e+02 1.0e+00 8.52e-01  9e-01  9e-01 502:18.5
   43    688 3.056377049180343e+02 1.0e+00 8.50e-01  8e-01  8e-01 514:27.9
   44    704 3.224352112676089e+02 1.0e+00 8.48e-01  8e-01  8e-01 526:36.2
   45    720 3.129434782608694e+02 1.0e+00 8.46e-01  8e-01  8e-01 538:38.8
   46    736 2.706482993197178e+02 1.0e+00 8.44e-01  8e-01  8e-01 550:51.0
   47    752 3.015949152542374e+02 1.0e+00 8.42e-01  8e-01  8e-01 562:45.1
   48    768 3.243604316546793e+02 1.0e+00 8.41e-01  8e-01  8e-01 574:56.8
   49    784 2.960937716262944e+02 1.0e+00 8.39e-01  8e-01  8e-01 586:52.8
   50    800 2.862636363636298e+02 1.0e+00 8.37e-01  8e-01  8e-01 598:56.9
   51    816 3.151542372881360e+02 1.0e+00 8.35e-01  8e-01  8e-01 611:06.9
   52    832 2.995655518394655e+02 1.0e+00 8.34e-01  8e-01  8e-01 623:24.2
   53    848 2.914254237288080e+02 1.0e+00 8.32e-01  8e-01  8e-01 635:43.2
   54    864 2.964517241379270e+02 1.0e+00 8.31e-01  8e-01  8e-01 648:06.0
   55    880 2.859294117647003e+02 1.0e+00 8.29e-01  8e-01  8e-01 660:25.9
   56    896 2.926335640138388e+02 1.0e+00 8.28e-01  8e-01  8e-01 672:33.0
   57    912 3.089909090909115e+02 1.0e+00 8.26e-01  8e-01  8e-01 684:52.4
multiprocessing.pool.RemoteTraceback: 
"""
Traceback (most recent call last):
  File "/home/philip_raeisghasem/miniconda3/envs/worldmodels/lib/python3.5/multiprocessing/pool.py", line 119, in worker
    result = (True, func(*args, **kwds))
  File "/home/philip_raeisghasem/miniconda3/envs/worldmodels/lib/python3.5/multiprocessing/pool.py", line 44, in mapstar
    return list(map(*args))
  File "/home/philip_raeisghasem/worldmodels/worldmodels/controller/policy.py", line 59, in get_fitness
    z_gpu = vae.encode(state) # (1, 32)
  File "/home/philip_raeisghasem/worldmodels/worldmodels/vae/vae.py", line 69, in encode
    mu, logvar = self._encode(x)
  File "/home/philip_raeisghasem/worldmodels/worldmodels/vae/vae.py", line 54, in _encode
    encoded = self.encoder(x)
  File "/home/philip_raeisghasem/miniconda3/envs/worldmodels/lib/python3.5/site-packages/torch/nn/modules/module.py", line 547, in __call__
    result = self.forward(*input, **kwargs)
  File "/home/philip_raeisghasem/miniconda3/envs/worldmodels/lib/python3.5/site-packages/torch/nn/modules/container.py", line 92, in forward
    input = module(input)
  File "/home/philip_raeisghasem/miniconda3/envs/worldmodels/lib/python3.5/site-packages/torch/nn/modules/module.py", line 547, in __call__
    result = self.forward(*input, **kwargs)
  File "/home/philip_raeisghasem/miniconda3/envs/worldmodels/lib/python3.5/site-packages/torch/nn/modules/conv.py", line 343, in forward
    return self.conv2d_forward(input, self.weight)
  File "/home/philip_raeisghasem/miniconda3/envs/worldmodels/lib/python3.5/site-packages/torch/nn/modules/conv.py", line 340, in conv2d_forward
    self.padding, self.dilation, self.groups)
RuntimeError: cuDNN error: CUDNN_STATUS_NOT_INITIALIZED
"""

The above exception was the direct cause of the following exception:

Traceback (most recent call last):
  File "train_controller.py", line 45, in <module>
    fitnesses = func_dist(args) # get rollout returns
  File "train_controller.py", line 21, in func_dist
    return pool.map(get_fitness, args, chunksize=chunksize)
  File "/home/philip_raeisghasem/miniconda3/envs/worldmodels/lib/python3.5/multiprocessing/pool.py", line 266, in map
    return self._map_async(func, iterable, mapstar, chunksize).get()
  File "/home/philip_raeisghasem/miniconda3/envs/worldmodels/lib/python3.5/multiprocessing/pool.py", line 644, in get
    raise self._value
RuntimeError: cuDNN error: CUDNN_STATUS_NOT_INITIALIZED
